<?xml version="1.0" encoding="UTF-8"?>
<!-- Generated by org.testng.reporters.JUnitXMLReporter -->
<testsuite ignored="0" hostname="DESKTOP-OJULOH6" failures="0" tests="1" name="TestRunner5" time="3.728" errors="0" timestamp="2024-10-02T12:50:53 IST">
  <testcase classname="GenericUtility.BaseClass" name="@BeforeMethod BM" time="0.0">
    <failure type="java.lang.NullPointerException" message="Cannot invoke &amp;quot;org.openqa.selenium.WebDriver.manage()&amp;quot; because &amp;quot;driver&amp;quot; is null">
      <![CDATA[java.lang.NullPointerException: Cannot invoke "org.openqa.selenium.WebDriver.manage()" because "driver" is null
at GenericUtility.WebDriver_Utility.windowMaximize(WebDriver_Utility.java:22)
at GenericUtility.BaseClass.BM(BaseClass.java:76)
at java.base/java.util.ArrayList.forEach(ArrayList.java:1511)
at java.base/java.util.concurrent.FutureTask.run(FutureTask.java:264)
at java.base/java.util.concurrent.ThreadPoolExecutor.runWorker(ThreadPoolExecutor.java:1136)
at java.base/java.util.concurrent.ThreadPoolExecutor$Worker.run(ThreadPoolExecutor.java:635)
at java.base/java.lang.Thread.run(Thread.java:833)
... Removed 22 stack frames]]>
    </failure>
  </testcase> <!-- @BeforeMethod BM -->
  <testcase classname="GenericUtility.BaseClass" name="@AfterMethod AM" time="-1.727853653924E9">
    <skipped/>
  </testcase> <!-- @AfterMethod AM -->
  <testcase classname="GenericUtility.BaseClass" name="@AfterClass AC" time="-1.727853653936E9">
    <skipped/>
  </testcase> <!-- @AfterClass AC -->
  <testcase classname="Organization.CreateCompaign" name="CreateCompaign" time="0.0">
    <skipped/>
  </testcase> <!-- CreateCompaign -->
</testsuite> <!-- TestRunner5 -->
